<?xml version="1.0" encoding="UTF-8"?>
<?xml-stylesheet type="text/xsl" href="ivy-report.xsl"?>
<ivy-report version="1.0">
	<info
		organisation="walkamongus"
		module="walkamongus_2.9.2"
		revision="1.0"
		conf="test-internal"
		confs="compile, runtime, test, provided, optional, compile-internal, runtime-internal, test-internal, plugin, sources, docs, pom"
		date="20130324132357"/>
	<dependencies>
		<module organisation="com.codahale" name="jerkson_2.9.1">
			<revision name="0.5.0" status="release" pubdate="20111007204746" resolver="repo.codahale.com" artresolver="repo.codahale.com" homepage="" downloaded="false" searched="false" default="false" conf="default(compile), default, compile, runtime, master" position="1">
				<license name="The MIT License" url="http://codahale.com/mit.txt"/>
				<metadata-artifact status="no" details="" size="3329" time="0" location="/Users/jhawkins/.ivy2/cache/com.codahale/jerkson_2.9.1/ivy-0.5.0.xml" searched="false" origin-is-local="false" origin-location="http://repo.codahale.com/com/codahale/jerkson_2.9.1/0.5.0/jerkson_2.9.1-0.5.0.pom"/>
				<caller organisation="walkamongus" name="walkamongus_2.9.2" conf="test-internal, test, optional, compile, provided, runtime" rev="0.5.0" rev-constraint-default="0.5.0" rev-constraint-dynamic="0.5.0" callerrev="1.0"/>
				<artifacts>
					<artifact name="jerkson_2.9.1" type="jar" ext="jar" status="no" details="" size="741139" time="0" location="/Users/jhawkins/.ivy2/cache/com.codahale/jerkson_2.9.1/jars/jerkson_2.9.1-0.5.0.jar">
						<origin-location is-local="false" location="http://repo.codahale.com/com/codahale/jerkson_2.9.1/0.5.0/jerkson_2.9.1-0.5.0.jar"/>
					</artifact>
				</artifacts>
			</revision>
		</module>
		<module organisation="org.codehaus.jackson" name="jackson-mapper-asl">
			<revision name="1.9.12" status="release" pubdate="20130129104727" resolver="public" artresolver="public" homepage="http://jackson.codehaus.org" downloaded="false" searched="true" default="false" conf="compile, master(*), runtime, compile(*), runtime(*), master" position="3">
				<license name="The Apache Software License, Version 2.0" url="http://www.apache.org/licenses/LICENSE-2.0.txt"/>
				<metadata-artifact status="no" details="" size="2655" time="0" location="/Users/jhawkins/.ivy2/cache/org.codehaus.jackson/jackson-mapper-asl/ivy-1.9.12.xml" searched="true" origin-is-local="false" origin-location="http://repo1.maven.org/maven2/org/codehaus/jackson/jackson-mapper-asl/1.9.12/jackson-mapper-asl-1.9.12.pom"/>
				<caller organisation="com.codahale" name="jerkson_2.9.1" conf="default, compile, runtime, master" rev="[1.9.0,2.0.0)" rev-constraint-default="[1.9.0,2.0.0)" rev-constraint-dynamic="[1.9.0,2.0.0)" callerrev="0.5.0"/>
				<artifacts>
					<artifact name="jackson-mapper-asl" type="jar" ext="jar" status="no" details="" size="780385" time="0" location="/Users/jhawkins/.ivy2/cache/org.codehaus.jackson/jackson-mapper-asl/jars/jackson-mapper-asl-1.9.12.jar">
						<origin-location is-local="false" location="http://repo1.maven.org/maven2/org/codehaus/jackson/jackson-mapper-asl/1.9.12/jackson-mapper-asl-1.9.12.jar"/>
					</artifact>
				</artifacts>
			</revision>
		</module>
		<module organisation="org.codehaus.jackson" name="jackson-core-asl">
			<revision name="1.9.12" status="release" pubdate="20130129104708" resolver="public" artresolver="public" homepage="http://jackson.codehaus.org" downloaded="false" searched="true" default="false" conf="compile, master(*), runtime, compile(*), runtime(*), master" position="2">
				<license name="The Apache Software License, Version 2.0" url="http://www.apache.org/licenses/LICENSE-2.0.txt"/>
				<metadata-artifact status="no" details="" size="2438" time="0" location="/Users/jhawkins/.ivy2/cache/org.codehaus.jackson/jackson-core-asl/ivy-1.9.12.xml" searched="true" origin-is-local="false" origin-location="http://repo1.maven.org/maven2/org/codehaus/jackson/jackson-core-asl/1.9.12/jackson-core-asl-1.9.12.pom"/>
				<caller organisation="org.codehaus.jackson" name="jackson-mapper-asl" conf="compile, runtime" rev="1.9.12" rev-constraint-default="1.9.12" rev-constraint-dynamic="1.9.12" callerrev="1.9.12"/>
				<caller organisation="com.codahale" name="jerkson_2.9.1" conf="default, compile, runtime, master" rev="[1.9.0,2.0.0)" rev-constraint-default="[1.9.0,2.0.0)" rev-constraint-dynamic="[1.9.0,2.0.0)" callerrev="0.5.0"/>
				<artifacts>
					<artifact name="jackson-core-asl" type="jar" ext="jar" status="no" details="" size="232245" time="0" location="/Users/jhawkins/.ivy2/cache/org.codehaus.jackson/jackson-core-asl/jars/jackson-core-asl-1.9.12.jar">
						<origin-location is-local="false" location="http://repo1.maven.org/maven2/org/codehaus/jackson/jackson-core-asl/1.9.12/jackson-core-asl-1.9.12.jar"/>
					</artifact>
				</artifacts>
			</revision>
		</module>
		<module organisation="org.scala-lang" name="scala-library">
			<revision name="2.9.2" status="release" pubdate="20120413082921" resolver="sbt-chain" artresolver="sbt-chain" homepage="http://www.scala-lang.org/" downloaded="false" searched="false" default="false" conf="default(compile), default, compile, master(*), compile(*), runtime, runtime(*), master" position="0">
				<license name="BSD-like" url="http://www.scala-lang.org/downloads/license.html          "/>
				<metadata-artifact status="no" details="" size="2391" time="0" location="/Users/jhawkins/.ivy2/cache/org.scala-lang/scala-library/ivy-2.9.2.xml" searched="false" origin-is-local="false" origin-location="http://repo1.maven.org/maven2/org/scala-lang/scala-library/2.9.2/scala-library-2.9.2.pom"/>
				<caller organisation="walkamongus" name="walkamongus_2.9.2" conf="test-internal, test, optional, compile, provided, runtime" rev="2.9.2" rev-constraint-default="2.9.2" rev-constraint-dynamic="2.9.2" callerrev="1.0"/>
				<caller organisation="com.codahale" name="jerkson_2.9.1" conf="default, compile, runtime, master" rev="2.9.2" rev-constraint-default="2.9.2" rev-constraint-dynamic="2.9.1" callerrev="0.5.0"/>
				<artifacts>
				</artifacts>
			</revision>
		</module>
		<module organisation="org.specs2" name="specs2_2.9.2">
			<revision name="1.14" error="not found" downloaded="false" searched="false" conf="default(compile)" position="-1">
				<caller organisation="walkamongus" name="walkamongus_2.9.2" conf="test-internal, test, optional, compile, provided, runtime" rev="1.14" rev-constraint-default="1.14" rev-constraint-dynamic="1.14" callerrev="1.0"/>
				<artifacts>
				</artifacts>
			</revision>
		</module>
	</dependencies>
</ivy-report>
